0 silly argv {
0 silly argv   _: [ 'publish' ],
0 silly argv   'force-publish': true,
0 silly argv   forcePublish: true,
0 silly argv   composed: 'publish',
0 silly argv   lernaVersion: '8.1.9',
0 silly argv   '$0': '/usr/local/opt/nvm/versions/node/v16.20.1/bin/lerna'
0 silly argv }
1 notice cli v8.1.9
2 verbose packageConfigs Package manager "pnpm" detected. Resolving packages using `pnpm-workspace.yaml`.
3 verbose rootPath /Users/mengweikang/Desktop/rx-form
4 info versioning independent
5 verbose session b971a227f8b85a9d
6 verbose user-agent lerna/8.1.9/node@v16.20.1+arm64 (darwin)
7 silly argv {
7 silly argv   _: [ 'publish' ],
7 silly argv   'force-publish': true,
7 silly argv   forcePublish: true,
7 silly argv   composed: 'publish',
7 silly argv   lernaVersion: '8.1.9'
7 silly argv }
8 verbose packageConfigs Package manager "pnpm" detected. Resolving packages using `pnpm-workspace.yaml`.
9 verbose rootPath /Users/mengweikang/Desktop/rx-form
10 silly isAnythingCommitted
11 verbose isAnythingCommitted 1
12 silly getCurrentBranch
13 verbose currentBranch main
14 silly remoteBranchExists
15 silly isBehindUpstream
16 silly isBehindUpstream main is behind origin/main by 0 commit(s) and ahead by 0
17 silly hasTags
18 verbose hasTags true
19 silly git-describe.sync "@rx-form/core@2.1.0-0-g85543f9" => {"lastTagName":"@rx-form/core@2.1.0","lastVersion":"2.1.0","refCount":"0","sha":"85543f9","isDirty":false}
20 warn force-publish all packages
21 info Assuming all packages changed
22 verbose updated @rx-form/core
23 verbose updated docs
24 verbose updated @rx-form/react
25 info execute Skipping releases
26 silly lifecycle No script for "preversion" in "rx-form", continuing
27 silly lifecycle No script for "preversion" in "@rx-form/core", continuing
28 verbose version @rx-form/core has no lockfile. Skipping lockfile update.
29 silly lifecycle No script for "version" in "@rx-form/core", continuing
30 silly lifecycle No script for "preversion" in "@rx-form/react", continuing
31 verbose version @rx-form/react has no lockfile. Skipping lockfile update.
32 silly lifecycle No script for "version" in "@rx-form/react", continuing
33 silly lifecycle No script for "preversion" in "docs", continuing
34 verbose version docs has no lockfile. Skipping lockfile update.
35 silly lifecycle No script for "version" in "docs", continuing
36 silly lifecycle No script for "version" in "rx-form", continuing
37 verbose version Updating root pnpm-lock.yaml
38 silly version Skipped applying prettier to ignored file: packages/core/package.json
39 silly version Skipped applying prettier to ignored file: packages/react/package.json
40 silly version Skipped applying prettier to ignored file: packages/docs/package.json
41 silly version Successfully applied prettier to updated file: pnpm-lock.yaml
42 silly gitAdd [
42 silly gitAdd   'packages/core/package.json',
42 silly gitAdd   'packages/react/package.json',
42 silly gitAdd   'packages/docs/package.json',
42 silly gitAdd   'pnpm-lock.yaml'
42 silly gitAdd ]
43 silly gitCommit Publish
43 silly gitCommit
43 silly gitCommit  - @rx-form/core@2.2.0
43 silly gitCommit  - docs@0.2.0
43 silly gitCommit  - @rx-form/react@2.2.0
44 verbose git [
44 verbose git   'commit',
44 verbose git   '-F',
44 verbose git   '/private/var/folders/9n/6j61ddsd4yz4ql347460m5c5qr8b1l/T/32c2b64c-9612-4513-81e8-71def50b9fc5/lerna-commit.txt'
44 verbose git ]
45 silly gitTag @rx-form/core@2.2.0 git tag %s -m %s
46 verbose git [ 'tag', '@rx-form/core@2.2.0', '-m', '@rx-form/core@2.2.0' ]
47 silly gitTag docs@0.2.0 git tag %s -m %s
48 verbose git [ 'tag', 'docs@0.2.0', '-m', 'docs@0.2.0' ]
49 silly gitTag @rx-form/react@2.2.0 git tag %s -m %s
50 verbose git [ 'tag', '@rx-form/react@2.2.0', '-m', '@rx-form/react@2.2.0' ]
51 silly lifecycle No script for "postversion" in "@rx-form/core", continuing
52 silly lifecycle No script for "postversion" in "docs", continuing
53 silly lifecycle No script for "postversion" in "@rx-form/react", continuing
54 silly lifecycle No script for "postversion" in "rx-form", continuing
55 info git Pushing tags...
56 silly gitPush origin main
57 info publish Publishing packages to npm...
58 warn ENOLICENSE Packages @rx-form/core and @rx-form/react are missing a license.
58 warn ENOLICENSE One way to fix this is to add a LICENSE.md file to the root of this repository.
58 warn ENOLICENSE See https://choosealicense.com for additional guidance.
59 silly getCurrentSHA
60 verbose getCurrentSHA af91c479753cee37e6f25b2d9167a3615c9b5f61
61 silly lifecycle No script for "prepublish" in "rx-form", continuing
62 silly lifecycle No script for "prepare" in "rx-form", continuing
63 silly lifecycle No script for "prepublishOnly" in "rx-form", continuing
64 silly lifecycle No script for "prepack" in "rx-form", continuing
65 verbose pack-directory packages/core
66 silly lifecycle No script for "prepublish" in "@rx-form/core", continuing
67 silly lifecycle No script for "prepare" in "@rx-form/core", continuing
68 silly lifecycle No script for "prepublishOnly" in "@rx-form/core", continuing
69 silly lifecycle No script for "prepack" in "@rx-form/core", continuing
70 silly lifecycle No script for "postpack" in "@rx-form/core", continuing
71 verbose packed packages/core
72 verbose pack-directory packages/react
73 silly lifecycle No script for "prepublish" in "@rx-form/react", continuing
74 silly lifecycle No script for "prepare" in "@rx-form/react", continuing
75 silly lifecycle No script for "prepublishOnly" in "@rx-form/react", continuing
76 silly lifecycle No script for "prepack" in "@rx-form/react", continuing
77 silly lifecycle No script for "postpack" in "@rx-form/react", continuing
78 verbose packed packages/react
79 silly lifecycle No script for "postpack" in "rx-form", continuing
80 verbose publish @rx-form/core
81 silly FetchError: request to https://registry.npmjs.org/@rx-form%2fcore failed, reason: connect ETIMEDOUT 104.16.29.34:443
81 silly     at ClientRequest.<anonymous> (/Users/mengweikang/Desktop/rx-form/node_modules/.pnpm/minipass-fetch@3.0.5/node_modules/minipass-fetch/lib/index.js:130:14)
81 silly     at ClientRequest.emit (node:events:513:28)
81 silly     at _destroy (node:_http_client:874:13)
81 silly     at onSocketNT (node:_http_client:891:5)
81 silly     at processTicksAndRejections (node:internal/process/task_queues:84:21)
81 silly  FetchError: request to https://registry.npmjs.org/@rx-form%2fcore failed, reason: connect ETIMEDOUT 104.16.29.34:443
81 silly     at ClientRequest.<anonymous> (/Users/mengweikang/Desktop/rx-form/node_modules/.pnpm/minipass-fetch@3.0.5/node_modules/minipass-fetch/lib/index.js:130:14)
81 silly     at ClientRequest.emit (node:events:513:28)
81 silly     at _destroy (node:_http_client:874:13)
81 silly     at onSocketNT (node:_http_client:891:5)
81 silly     at processTicksAndRejections (node:internal/process/task_queues:84:21) {
81 silly   code: 'ETIMEDOUT',
81 silly   errno: 'ETIMEDOUT',
81 silly   syscall: 'connect',
81 silly   address: '104.16.29.34',
81 silly   port: 443,
81 silly   type: 'system'
81 silly }
82 warn notice Package failed to publish: @rx-form/core
83 error ETIMEDOUT request to https://registry.npmjs.org/@rx-form%2fcore failed, reason: connect ETIMEDOUT 104.16.29.34:443
84 error errno "ETIMEDOUT" is not a valid exit code - exiting with code 1
85 error FetchError: request to https://registry.npmjs.org/@rx-form%2fcore failed, reason: connect ETIMEDOUT 104.16.29.34:443
85 error     at ClientRequest.<anonymous> (/Users/mengweikang/Desktop/rx-form/node_modules/.pnpm/minipass-fetch@3.0.5/node_modules/minipass-fetch/lib/index.js:130:14)
85 error     at ClientRequest.emit (node:events:513:28)
85 error     at _destroy (node:_http_client:874:13)
85 error     at onSocketNT (node:_http_client:891:5)
